<?xml version="1.0" encoding="UTF-8"?>
<!-- Generated by org.testng.reporters.JUnitReportReporter -->
<testsuite skipped="0" hostname="dell-PC" name="unittestcases.DataProviderTest" tests="1" failures="0" timestamp="14 Apr 2019 10:02:39 GMT" time="1.075" errors="0">
  <testcase name="getStringData" time="1.075" classname="unittestcases.DataProviderTest"/>
</testsuite> <!-- unittestcases.DataProviderTest -->
