<?xml version="1.0" encoding="UTF-8"?>
<!-- Generated by org.testng.reporters.JUnitReportReporter -->
<testsuite skipped="0" hostname="dell-PC" name="unittestcases.ConfigFileTest" tests="1" failures="0" timestamp="14 Apr 2019 10:42:53 GMT" time="0.035" errors="0">
  <testcase name="testConfigFile" time="0.035" classname="unittestcases.ConfigFileTest"/>
</testsuite> <!-- unittestcases.ConfigFileTest -->
