<?xml version="1.0" encoding="UTF-8"?>
<!-- Generated by org.testng.reporters.JUnitReportReporter -->
<testsuite skipped="0" hostname="dell-PC" name="testcases.LoginTest" tests="2" failures="0" timestamp="15 Apr 2019 17:33:40 GMT" time="26.295" errors="0">
  <testcase name="Userlogin" time="7.764" classname="testcases.LoginTest"/>
  <testcase name="Userlogin" time="18.531" classname="testcases.LoginTest"/>
</testsuite> <!-- testcases.LoginTest -->
